[   19727ms] [ERROR] Failed to load resource: the server responded with a status of 404 (Not Found) @ http://localhost:3002/favicon.ico:0
[   23923ms] [ERROR] Failed to load resource: the server responded with a status of 404 (Not Found) @ http://localhost:3003/favicon.ico:0
[   24762ms] [ERROR] ClientFetchError: Failed to fetch. Read more at https://errors.authjs.dev#autherror
    at fetchData (webpack-internal:///(app-pages-browser)/../../node_modules/.pnpm/next-auth@5.0.0-beta.30_next@15.5.12_react-dom@19.2.4_react@19.2.4__react@19.2.4__react@19.2.4/node_modules/next-auth/lib/client.js:49:22)
    at async getSession (webpack-internal:///(app-pages-browser)/../../node_modules/.pnpm/next-auth@5.0.0-beta.30_next@15.5.12_react-dom@19.2.4_react@19.2.4__react@19.2.4__react@19.2.4/node_modules/next-auth/react.js:123:21)
    at async SessionProvider.useEffect [as _getSession] (webpack-internal:///(app-pages-browser)/../../node_modules/.pnpm/next-auth@5.0.0-beta.30_next@15.5.12_react-dom@19.2.4_react@19.2.4__react@19.2.4__react@19.2.4/node_modules/next-auth/react.js:289:51) @ webpack-internal:///(app-pages-browser)/../../node_modules/.pnpm/next@15.5.12_react-dom@19.2.4_react@19.2.4__react@19.2.4/node_modules/next/dist/next-devtools/userspace/app/errors/intercept-console-error.js:56
[   26078ms] [ERROR] ClientFetchError: Failed to fetch. Read more at https://errors.authjs.dev#autherror
    at fetchData (webpack-internal:///(app-pages-browser)/../../node_modules/.pnpm/next-auth@5.0.0-beta.30_next@15.5.12_react-dom@19.2.4_react@19.2.4__react@19.2.4__react@19.2.4/node_modules/next-auth/lib/client.js:49:22)
    at async getSession (webpack-internal:///(app-pages-browser)/../../node_modules/.pnpm/next-auth@5.0.0-beta.30_next@15.5.12_react-dom@19.2.4_react@19.2.4__react@19.2.4__react@19.2.4/node_modules/next-auth/react.js:123:21)
    at async SessionProvider.useEffect [as _getSession] (webpack-internal:///(app-pages-browser)/../../node_modules/.pnpm/next-auth@5.0.0-beta.30_next@15.5.12_react-dom@19.2.4_react@19.2.4__react@19.2.4__react@19.2.4/node_modules/next-auth/react.js:289:51) @ webpack-internal:///(app-pages-browser)/../../node_modules/.pnpm/next@15.5.12_react-dom@19.2.4_react@19.2.4__react@19.2.4/node_modules/next/dist/next-devtools/userspace/app/errors/intercept-console-error.js:56
[   29187ms] [ERROR] ClientFetchError: Failed to fetch. Read more at https://errors.authjs.dev#autherror
    at fetchData (webpack-internal:///(app-pages-browser)/../../node_modules/.pnpm/next-auth@5.0.0-beta.30_next@15.5.12_react-dom@19.2.4_react@19.2.4__react@19.2.4__react@19.2.4/node_modules/next-auth/lib/client.js:49:22)
    at async getSession (webpack-internal:///(app-pages-browser)/../../node_modules/.pnpm/next-auth@5.0.0-beta.30_next@15.5.12_react-dom@19.2.4_react@19.2.4__react@19.2.4__react@19.2.4/node_modules/next-auth/react.js:123:21)
    at async SessionProvider.useEffect [as _getSession] (webpack-internal:///(app-pages-browser)/../../node_modules/.pnpm/next-auth@5.0.0-beta.30_next@15.5.12_react-dom@19.2.4_react@19.2.4__react@19.2.4__react@19.2.4/node_modules/next-auth/react.js:289:51) @ webpack-internal:///(app-pages-browser)/../../node_modules/.pnpm/next@15.5.12_react-dom@19.2.4_react@19.2.4__react@19.2.4/node_modules/next/dist/next-devtools/userspace/app/errors/intercept-console-error.js:56
[   30397ms] [ERROR] Failed to load resource: the server responded with a status of 404 (Not Found) @ http://localhost:3003/api/observability:0
[   30468ms] [ERROR] ClientFetchError: Failed to fetch. Read more at https://errors.authjs.dev#autherror
    at fetchData (webpack-internal:///(app-pages-browser)/../../node_modules/.pnpm/next-auth@5.0.0-beta.30_next@15.5.12_react-dom@19.2.4_react@19.2.4__react@19.2.4__react@19.2.4/node_modules/next-auth/lib/client.js:49:22)
    at async getSession (webpack-internal:///(app-pages-browser)/../../node_modules/.pnpm/next-auth@5.0.0-beta.30_next@15.5.12_react-dom@19.2.4_react@19.2.4__react@19.2.4__react@19.2.4/node_modules/next-auth/react.js:123:21)
    at async SessionProvider.useEffect [as _getSession] (webpack-internal:///(app-pages-browser)/../../node_modules/.pnpm/next-auth@5.0.0-beta.30_next@15.5.12_react-dom@19.2.4_react@19.2.4__react@19.2.4__react@19.2.4/node_modules/next-auth/react.js:289:51) @ webpack-internal:///(app-pages-browser)/../../node_modules/.pnpm/next@15.5.12_react-dom@19.2.4_react@19.2.4__react@19.2.4/node_modules/next/dist/next-devtools/userspace/app/errors/intercept-console-error.js:56
[   35648ms] [ERROR] Failed to load resource: the server responded with a status of 404 (Not Found) @ http://localhost:3004/favicon.ico:0
[   36427ms] [ERROR] Manifest: Line: 1, column: 1, Syntax error. @ http://localhost:3004/manifest.webmanifest:0
[  162311ms] [ERROR] Manifest: Line: 1, column: 1, Syntax error. @ http://localhost:3000/manifest.json:0
[  162922ms] [ERROR] Manifest: Line: 1, column: 1, Syntax error. @ http://localhost:3000/manifest.json:0
[  164309ms] [ERROR] Manifest: Line: 1, column: 1, Syntax error. @ http://localhost:3000/manifest.json:0
[  164664ms] [ERROR] Manifest: Line: 1, column: 1, Syntax error. @ http://localhost:3000/manifest.json:0
[  165865ms] [ERROR] Failed to load resource: the server responded with a status of 404 (Not Found) @ http://localhost:3000/nonexistent-page:0
[  166009ms] [ERROR] Manifest: Line: 1, column: 1, Syntax error. @ http://localhost:3000/manifest.json:0
[  166432ms] [ERROR] Manifest: Line: 1, column: 1, Syntax error. @ http://localhost:3000/manifest.json:0
[  166478ms] [ERROR] ClientFetchError: Failed to fetch. Read more at https://errors.authjs.dev#autherror
    at fetchData (webpack-internal:///(app-pages-browser)/../../node_modules/.pnpm/next-auth@5.0.0-beta.30_next@15.5.12_react-dom@19.2.4_react@19.2.4__react@19.2.4__react@19.2.4/node_modules/next-auth/lib/client.js:49:22)
    at async getSession (webpack-internal:///(app-pages-browser)/../../node_modules/.pnpm/next-auth@5.0.0-beta.30_next@15.5.12_react-dom@19.2.4_react@19.2.4__react@19.2.4__react@19.2.4/node_modules/next-auth/react.js:123:21)
    at async SessionProvider.useEffect [as _getSession] (webpack-internal:///(app-pages-browser)/../../node_modules/.pnpm/next-auth@5.0.0-beta.30_next@15.5.12_react-dom@19.2.4_react@19.2.4__react@19.2.4__react@19.2.4/node_modules/next-auth/react.js:289:51) @ webpack-internal:///(app-pages-browser)/../../node_modules/.pnpm/next@15.5.12_react-dom@19.2.4_react@19.2.4__react@19.2.4/node_modules/next/dist/next-devtools/userspace/app/errors/intercept-console-error.js:56
[  166662ms] [ERROR] Manifest: Line: 1, column: 1, Syntax error. @ http://localhost:3000/manifest.json:0
[  167041ms] [ERROR] Manifest: Line: 1, column: 1, Syntax error. @ http://localhost:3000/manifest.json:0
[  183887ms] [ERROR] Manifest: Line: 1, column: 1, Syntax error. @ http://localhost:3004/manifest.webmanifest:0
[  184433ms] [ERROR] Manifest: Line: 1, column: 1, Syntax error. @ http://localhost:3004/manifest.webmanifest:0
[  197591ms] [ERROR] Manifest: Line: 1, column: 1, Syntax error. @ http://localhost:3000/manifest.json:0
[  198003ms] [ERROR] Manifest: Line: 1, column: 1, Syntax error. @ http://localhost:3000/manifest.json:0
[  210091ms] [ERROR] Manifest: Line: 1, column: 1, Syntax error. @ http://localhost:3000/manifest.json:0
[  210464ms] [ERROR] Manifest: Line: 1, column: 1, Syntax error. @ http://localhost:3000/manifest.json:0
