[    2111ms] [ERROR] Failed to load resource: the server responded with a status of 500 (Internal Server Error) @ http://localhost:3000/:0
[    3435ms] Error: The edge runtime does not support Node.js 'crypto' module.
Learn More: https://nextjs.org/docs/messages/node-module-in-edge-runtime
    at Object.get (webpack-internal:///(middleware)/../../node_modules/.pnpm/next@15.5.12_react-dom@19.2.4_react@19.2.4__react@19.2.4/node_modules/next/dist/esm/server/web/globals.js:56:41)
    at eval (webpack-internal:///(middleware)/../../node_modules/.pnpm/pg@8.20.0/node_modules/pg/lib/crypto/utils-webcrypto.js:24:32)
    at (middleware)/../../node_modules/.pnpm/pg@8.20.0/node_modules/pg/lib/crypto/utils-webcrypto.js (file:///Users/jasonlee/projects/seniorcare/apps/web-senior/.next/server/middleware.js:2349:1)
    at __webpack_require__ (file:///Users/jasonlee/projects/seniorcare/apps/web-senior/.next/server/edge-runtime-webpack.js:37:33)
    at fn (file:///Users/jasonlee/projects/seniorcare/apps/web-senior/.next/server/edge-runtime-webpack.js:281:21)
    at eval (webpack-internal:///(middleware)/../../node_modules/.pnpm/pg@8.20.0/node_modules/pg/lib/crypto/utils.js:8:20)
    at (middleware)/../../node_modules/.pnpm/pg@8.20.0/node_modules/pg/lib/crypto/utils.js (file:///Users/jasonlee/projects/seniorcare/apps/web-senior/.next/server/middleware.js:2360:1)
    at __webpack_require__ (file:///Users/jasonlee/projects/seniorcare/apps/web-senior/.next/server/edge-runtime-webpack.js:37:33)
    at fn (file:///Users/jasonlee/projects/seniorcare/apps/web-senior/.next/server/edge-runtime-webpack.js:281:21)
    at eval (webpack-internal:///(middleware)/../../node_modules/.pnpm/pg@8.20.0/node_modules/pg/lib/crypto/sasl.js:3:16)
[    5236ms] [WARNING] [Fast Refresh] performing full reload because your application had an unrecoverable error @ webpack-internal:///(pages-dir-browser)/../../node_modules/.pnpm/next@15.5.12_react-dom@19.2.4_react@19.2.4__react@19.2.4/node_modules/next/dist/client/dev/hot-reloader/pages/hot-reloader-pages.js:347
[    6108ms] [WARNING] [Fast Refresh] performing full reload because your application had an unrecoverable error @ webpack-internal:///(pages-dir-browser)/../../node_modules/.pnpm/next@15.5.12_react-dom@19.2.4_react@19.2.4__react@19.2.4/node_modules/next/dist/client/dev/hot-reloader/pages/hot-reloader-pages.js:347
[    6357ms] [ERROR] Failed to load resource: the server responded with a status of 500 (Internal Server Error) @ http://localhost:3000/:0
[    6537ms] Error: The edge runtime does not support Node.js 'crypto' module.
Learn More: https://nextjs.org/docs/messages/node-module-in-edge-runtime
    at Object.get (webpack-internal:///(middleware)/../../node_modules/.pnpm/next@15.5.12_react-dom@19.2.4_react@19.2.4__react@19.2.4/node_modules/next/dist/esm/server/web/globals.js:56:41)
    at eval (webpack-internal:///(middleware)/../../node_modules/.pnpm/pg@8.20.0/node_modules/pg/lib/crypto/utils-webcrypto.js:24:32)
    at (middleware)/../../node_modules/.pnpm/pg@8.20.0/node_modules/pg/lib/crypto/utils-webcrypto.js (file:///Users/jasonlee/projects/seniorcare/apps/web-senior/.next/server/middleware.js:2349:1)
    at __webpack_require__ (file:///Users/jasonlee/projects/seniorcare/apps/web-senior/.next/server/edge-runtime-webpack.js:37:33)
    at fn (file:///Users/jasonlee/projects/seniorcare/apps/web-senior/.next/server/edge-runtime-webpack.js:281:21)
    at eval (webpack-internal:///(middleware)/../../node_modules/.pnpm/pg@8.20.0/node_modules/pg/lib/crypto/utils.js:8:20)
    at (middleware)/../../node_modules/.pnpm/pg@8.20.0/node_modules/pg/lib/crypto/utils.js (file:///Users/jasonlee/projects/seniorcare/apps/web-senior/.next/server/middleware.js:2360:1)
    at __webpack_require__ (file:///Users/jasonlee/projects/seniorcare/apps/web-senior/.next/server/edge-runtime-webpack.js:37:33)
    at fn (file:///Users/jasonlee/projects/seniorcare/apps/web-senior/.next/server/edge-runtime-webpack.js:281:21)
    at eval (webpack-internal:///(middleware)/../../node_modules/.pnpm/pg@8.20.0/node_modules/pg/lib/crypto/sasl.js:3:16)
[   67763ms] [WARNING] [Fast Refresh] performing full reload

Fast Refresh will perform a full reload when you edit a file that's imported by modules outside of the React rendering tree.
You might have a file which exports a React component but also exports a value that is imported by a non-React component file.
Consider migrating the non-React component export to a separate file and importing it into both files.

It is also possible the parent component of the component you edited is a class component, which disables Fast Refresh.
Fast Refresh requires at least one parent function component in your React tree. @ webpack-internal:///(pages-dir-browser)/../../node_modules/.pnpm/next@15.5.12_react-dom@19.2.4_react@19.2.4__react@19.2.4/node_modules/next/dist/client/dev/hot-reloader/pages/hot-reloader-pages.js:345
[   67921ms] [ERROR] Manifest: Line: 1, column: 1, Syntax error. @ http://localhost:3000/manifest.json:0
[   68335ms] [ERROR] Manifest: Line: 1, column: 1, Syntax error. @ http://localhost:3000/manifest.json:0
