[    2772ms] [ERROR] Failed to load resource: the server responded with a status of 404 (Not Found) @ http://localhost:3000/manifest.json:0
[    2777ms] [ERROR] Manifest fetch from http://localhost:3000/manifest.json failed, code 404 @ http://localhost:3000/:0
[    2993ms] [ERROR] %c%s%c [31m[auth][error][0m MissingSecret: Please define a `secret`. Read more at https://errors.authjs.dev#missingsecret background: #e6e6e6;background: light-dark(rgba(0,0,0,0.1), rgba(255,255,255,0.25));color: #000000;color: light-dark(#000000, #ffffff);border-radius: 2px  Server   @ webpack-internal:///(app-pages-browser)/../../node_modules/.pnpm/next@15.5.12_react-dom@19.2.4_react@19.2.4__react@19.2.4/node_modules/next/dist/next-devtools/userspace/app/errors/intercept-console-error.js:56
[    2993ms] [ERROR] %c%s%c     at assertConfig (webpack-internal:///(rsc)/../../node_modules/.pnpm/@auth+core@0.41.0/node_modules/@auth/core/lib/utils/assert.js:66:16)
    at Auth (webpack-internal:///(rsc)/../../node_modules/.pnpm/@auth+core@0.41.0/node_modules/@auth/core/index.js:91:95)
    at runNextTicks (node:internal/process/task_queues:64:5)
    at process.processTimers (node:internal/timers:538:9) background: #e6e6e6;background: light-dark(rgba(0,0,0,0.1), rgba(255,255,255,0.25));color: #000000;color: light-dark(#000000, #ffffff);border-radius: 2px  Server   @ webpack-internal:///(app-pages-browser)/../../node_modules/.pnpm/next@15.5.12_react-dom@19.2.4_react@19.2.4__react@19.2.4/node_modules/next/dist/next-devtools/userspace/app/errors/intercept-console-error.js:56
[    3050ms] [ERROR] Failed to load resource: the server responded with a status of 404 (Not Found) @ http://localhost:3000/manifest.json:0
[    3083ms] [ERROR] Manifest fetch from http://localhost:3000/manifest.json failed, code 404 @ http://localhost:3000/:0
[    3899ms] [ERROR] ClientFetchError: Failed to fetch. Read more at https://errors.authjs.dev#autherror
    at fetchData (webpack-internal:///(app-pages-browser)/../../node_modules/.pnpm/next-auth@5.0.0-beta.30_next@15.5.12_react-dom@19.2.4_react@19.2.4__react@19.2.4__react@19.2.4/node_modules/next-auth/lib/client.js:49:22)
    at async getSession (webpack-internal:///(app-pages-browser)/../../node_modules/.pnpm/next-auth@5.0.0-beta.30_next@15.5.12_react-dom@19.2.4_react@19.2.4__react@19.2.4__react@19.2.4/node_modules/next-auth/react.js:123:21)
    at async SessionProvider.useEffect [as _getSession] (webpack-internal:///(app-pages-browser)/../../node_modules/.pnpm/next-auth@5.0.0-beta.30_next@15.5.12_react-dom@19.2.4_react@19.2.4__react@19.2.4__react@19.2.4/node_modules/next-auth/react.js:289:51) @ webpack-internal:///(app-pages-browser)/../../node_modules/.pnpm/next@15.5.12_react-dom@19.2.4_react@19.2.4__react@19.2.4/node_modules/next/dist/next-devtools/userspace/app/errors/intercept-console-error.js:56
[    3986ms] [ERROR] Failed to load resource: the server responded with a status of 404 (Not Found) @ http://localhost:3000/manifest.json:0
[    3997ms] [ERROR] Manifest fetch from http://localhost:3000/manifest.json failed, code 404 @ http://localhost:3000/auth/signin:0
[    4317ms] [ERROR] Failed to load resource: the server responded with a status of 404 (Not Found) @ http://localhost:3000/manifest.json:0
[    4331ms] [ERROR] Failed to load resource: the server responded with a status of 500 (Internal Server Error) @ http://localhost:3000/api/auth/session:0
[    4332ms] [ERROR] ClientFetchError: There was a problem with the server configuration. Check the server logs for more information.. Read more at https://errors.authjs.dev#autherror
    at fetchData (webpack-internal:///(app-pages-browser)/../../node_modules/.pnpm/next-auth@5.0.0-beta.30_next@15.5.12_react-dom@19.2.4_react@19.2.4__react@19.2.4__react@19.2.4/node_modules/next-auth/lib/client.js:49:22)
    at async getSession (webpack-internal:///(app-pages-browser)/../../node_modules/.pnpm/next-auth@5.0.0-beta.30_next@15.5.12_react-dom@19.2.4_react@19.2.4__react@19.2.4__react@19.2.4/node_modules/next-auth/react.js:123:21)
    at async SessionProvider.useEffect [as _getSession] (webpack-internal:///(app-pages-browser)/../../node_modules/.pnpm/next-auth@5.0.0-beta.30_next@15.5.12_react-dom@19.2.4_react@19.2.4__react@19.2.4__react@19.2.4/node_modules/next-auth/react.js:289:51) @ webpack-internal:///(app-pages-browser)/../../node_modules/.pnpm/next@15.5.12_react-dom@19.2.4_react@19.2.4__react@19.2.4/node_modules/next/dist/next-devtools/userspace/app/errors/intercept-console-error.js:56
[    4333ms] [ERROR] Manifest fetch from http://localhost:3000/manifest.json failed, code 404 @ http://localhost:3000/auth/signin:0
[    4350ms] [ERROR] Failed to load resource: the server responded with a status of 500 (Internal Server Error) @ http://localhost:3000/api/auth/session:0
[    4350ms] [ERROR] ClientFetchError: There was a problem with the server configuration. Check the server logs for more information.. Read more at https://errors.authjs.dev#autherror
    at fetchData (webpack-internal:///(app-pages-browser)/../../node_modules/.pnpm/next-auth@5.0.0-beta.30_next@15.5.12_react-dom@19.2.4_react@19.2.4__react@19.2.4__react@19.2.4/node_modules/next-auth/lib/client.js:49:22)
    at async getSession (webpack-internal:///(app-pages-browser)/../../node_modules/.pnpm/next-auth@5.0.0-beta.30_next@15.5.12_react-dom@19.2.4_react@19.2.4__react@19.2.4__react@19.2.4/node_modules/next-auth/react.js:123:21)
    at async SessionProvider.useEffect [as _getSession] (webpack-internal:///(app-pages-browser)/../../node_modules/.pnpm/next-auth@5.0.0-beta.30_next@15.5.12_react-dom@19.2.4_react@19.2.4__react@19.2.4__react@19.2.4/node_modules/next-auth/react.js:289:51) @ webpack-internal:///(app-pages-browser)/../../node_modules/.pnpm/next@15.5.12_react-dom@19.2.4_react@19.2.4__react@19.2.4/node_modules/next/dist/next-devtools/userspace/app/errors/intercept-console-error.js:56
